{"C:\\Users\\vinee\\OneDrive\\Desktop\\nodejsfolder\\vidly\\index-mongodb.js": {"path":"C:\\Users\\vinee\\OneDrive\\Desktop\\nodejsfolder\\vidly\\index-mongodb.js","statementMap":{"0":{"start":{"line":5,"column":16},"end":{"line":5,"column":34}},"1":{"start":{"line":6,"column":14},"end":{"line":6,"column":43}},"2":{"start":{"line":7,"column":16},"end":{"line":7,"column":34}},"3":{"start":{"line":8,"column":12},"end":{"line":8,"column":21}},"4":{"start":{"line":9,"column":0},"end":{"line":9,"column":33}},"5":{"start":{"line":10,"column":0},"end":{"line":10,"column":26}},"6":{"start":{"line":11,"column":0},"end":{"line":11,"column":31}},"7":{"start":{"line":12,"column":0},"end":{"line":12,"column":29}},"8":{"start":{"line":13,"column":0},"end":{"line":13,"column":33}},"9":{"start":{"line":15,"column":0},"end":{"line":15,"column":15}},"10":{"start":{"line":17,"column":13},"end":{"line":17,"column":37}},"11":{"start":{"line":18,"column":13},"end":{"line":18,"column":81}},"12":{"start":{"line":18,"column":36},"end":{"line":18,"column":80}},"13":{"start":{"line":20,"column":0},"end":{"line":20,"column":22}}},"fnMap":{"0":{"name":"(anonymous_0)","decl":{"start":{"line":18,"column":30},"end":{"line":18,"column":31}},"loc":{"start":{"line":18,"column":36},"end":{"line":18,"column":80}},"line":18}},"branchMap":{"0":{"loc":{"start":{"line":17,"column":13},"end":{"line":17,"column":37}},"type":"binary-expr","locations":[{"start":{"line":17,"column":13},"end":{"line":17,"column":29}},{"start":{"line":17,"column":33},"end":{"line":17,"column":37}}],"line":17}},"s":{"0":3,"1":3,"2":3,"3":3,"4":3,"5":3,"6":3,"7":3,"8":3,"9":3,"10":3,"11":3,"12":3,"13":3},"f":{"0":3},"b":{"0":[3,3]},"_coverageSchema":"1a1c01bbd47fc00a2c39e90264f33305004495a9","hash":"72b8a465586c3c8dfd09ac3a7da8db9d9954a764"}
,"C:\\Users\\vinee\\OneDrive\\Desktop\\nodejsfolder\\vidly\\middleware\\admin.js": {"path":"C:\\Users\\vinee\\OneDrive\\Desktop\\nodejsfolder\\vidly\\middleware\\admin.js","statementMap":{"0":{"start":{"line":1,"column":0},"end":{"line":7,"column":1}},"1":{"start":{"line":4,"column":5},"end":{"line":4,"column":73}},"2":{"start":{"line":4,"column":28},"end":{"line":4,"column":73}},"3":{"start":{"line":5,"column":5},"end":{"line":5,"column":12}}},"fnMap":{"0":{"name":"(anonymous_0)","decl":{"start":{"line":1,"column":17},"end":{"line":1,"column":18}},"loc":{"start":{"line":1,"column":43},"end":{"line":7,"column":1}},"line":1}},"branchMap":{"0":{"loc":{"start":{"line":4,"column":5},"end":{"line":4,"column":73}},"type":"if","locations":[{"start":{"line":4,"column":5},"end":{"line":4,"column":73}},{"start":{},"end":{}}],"line":4}},"s":{"0":3,"1":5,"2":1,"3":4},"f":{"0":5},"b":{"0":[1,4]},"_coverageSchema":"1a1c01bbd47fc00a2c39e90264f33305004495a9","hash":"b06caa51e8ec17669b5bd53000105b4db3ef34ad"}
,"C:\\Users\\vinee\\OneDrive\\Desktop\\nodejsfolder\\vidly\\middleware\\async.js": {"path":"C:\\Users\\vinee\\OneDrive\\Desktop\\nodejsfolder\\vidly\\middleware\\async.js","statementMap":{"0":{"start":{"line":1,"column":0},"end":{"line":10,"column":1}},"1":{"start":{"line":2,"column":5},"end":{"line":9,"column":6}},"2":{"start":{"line":3,"column":10},"end":{"line":8,"column":11}},"3":{"start":{"line":4,"column":15},"end":{"line":4,"column":38}},"4":{"start":{"line":7,"column":15},"end":{"line":7,"column":24}}},"fnMap":{"0":{"name":"(anonymous_0)","decl":{"start":{"line":1,"column":15},"end":{"line":1,"column":16}},"loc":{"start":{"line":1,"column":32},"end":{"line":10,"column":1}},"line":1},"1":{"name":"(anonymous_1)","decl":{"start":{"line":2,"column":12},"end":{"line":2,"column":13}},"loc":{"start":{"line":2,"column":33},"end":{"line":9,"column":6}},"line":2}},"branchMap":{},"s":{"0":3,"1":15,"2":18,"3":18,"4":0},"f":{"0":15,"1":18},"b":{},"_coverageSchema":"1a1c01bbd47fc00a2c39e90264f33305004495a9","hash":"f59f358d9471464c150ebd48b2446f914352a29c"}
,"C:\\Users\\vinee\\OneDrive\\Desktop\\nodejsfolder\\vidly\\middleware\\auth.js": {"path":"C:\\Users\\vinee\\OneDrive\\Desktop\\nodejsfolder\\vidly\\middleware\\auth.js","statementMap":{"0":{"start":{"line":1,"column":12},"end":{"line":1,"column":35}},"1":{"start":{"line":2,"column":15},"end":{"line":2,"column":32}},"2":{"start":{"line":4,"column":0},"end":{"line":15,"column":1}},"3":{"start":{"line":5,"column":19},"end":{"line":5,"column":45}},"4":{"start":{"line":6,"column":5},"end":{"line":6,"column":79}},"5":{"start":{"line":6,"column":17},"end":{"line":6,"column":79}},"6":{"start":{"line":7,"column":0},"end":{"line":14,"column":1}},"7":{"start":{"line":8,"column":21},"end":{"line":8,"column":67}},"8":{"start":{"line":9,"column":5},"end":{"line":9,"column":22}},"9":{"start":{"line":10,"column":5},"end":{"line":10,"column":12}},"10":{"start":{"line":13,"column":5},"end":{"line":13,"column":43}}},"fnMap":{"0":{"name":"auth","decl":{"start":{"line":4,"column":24},"end":{"line":4,"column":28}},"loc":{"start":{"line":4,"column":45},"end":{"line":15,"column":1}},"line":4}},"branchMap":{"0":{"loc":{"start":{"line":6,"column":5},"end":{"line":6,"column":79}},"type":"if","locations":[{"start":{"line":6,"column":5},"end":{"line":6,"column":79}},{"start":{},"end":{}}],"line":6}},"s":{"0":4,"1":4,"2":4,"3":32,"4":32,"5":5,"6":27,"7":27,"8":26,"9":26,"10":1},"f":{"0":32},"b":{"0":[5,27]},"_coverageSchema":"1a1c01bbd47fc00a2c39e90264f33305004495a9","hash":"d3d223a1da2ebc531d40e0daefdface9a876e1a1"}
,"C:\\Users\\vinee\\OneDrive\\Desktop\\nodejsfolder\\vidly\\middleware\\error.js": {"path":"C:\\Users\\vinee\\OneDrive\\Desktop\\nodejsfolder\\vidly\\middleware\\error.js","statementMap":{"0":{"start":{"line":1,"column":14},"end":{"line":1,"column":32}},"1":{"start":{"line":3,"column":0},"end":{"line":12,"column":1}},"2":{"start":{"line":4,"column":5},"end":{"line":4,"column":36}},"3":{"start":{"line":11,"column":5},"end":{"line":11,"column":45}}},"fnMap":{"0":{"name":"(anonymous_0)","decl":{"start":{"line":3,"column":17},"end":{"line":3,"column":18}},"loc":{"start":{"line":3,"column":48},"end":{"line":12,"column":1}},"line":3}},"branchMap":{},"s":{"0":3,"1":3,"2":0,"3":0},"f":{"0":0},"b":{},"_coverageSchema":"1a1c01bbd47fc00a2c39e90264f33305004495a9","hash":"45b565538524c294e1b521b7d99c7777eec0efa3"}
,"C:\\Users\\vinee\\OneDrive\\Desktop\\nodejsfolder\\vidly\\middleware\\validate.js": {"path":"C:\\Users\\vinee\\OneDrive\\Desktop\\nodejsfolder\\vidly\\middleware\\validate.js","statementMap":{"0":{"start":{"line":2,"column":0},"end":{"line":8,"column":1}},"1":{"start":{"line":3,"column":2},"end":{"line":7,"column":3}},"2":{"start":{"line":4,"column":22},"end":{"line":4,"column":41}},"3":{"start":{"line":5,"column":4},"end":{"line":5,"column":69}},"4":{"start":{"line":5,"column":15},"end":{"line":5,"column":69}},"5":{"start":{"line":6,"column":4},"end":{"line":6,"column":11}}},"fnMap":{"0":{"name":"(anonymous_0)","decl":{"start":{"line":2,"column":17},"end":{"line":2,"column":18}},"loc":{"start":{"line":2,"column":32},"end":{"line":8,"column":1}},"line":2},"1":{"name":"(anonymous_1)","decl":{"start":{"line":3,"column":9},"end":{"line":3,"column":10}},"loc":{"start":{"line":3,"column":29},"end":{"line":7,"column":3}},"line":3}},"branchMap":{"0":{"loc":{"start":{"line":5,"column":4},"end":{"line":5,"column":69}},"type":"if","locations":[{"start":{"line":5,"column":4},"end":{"line":5,"column":69}},{"start":{},"end":{}}],"line":5}},"s":{"0":3,"1":3,"2":9,"3":9,"4":2,"5":7},"f":{"0":3,"1":9},"b":{"0":[2,7]},"_coverageSchema":"1a1c01bbd47fc00a2c39e90264f33305004495a9","hash":"2fa32bf8e267ca4ae4ac90f5f3d77428be3a4ef8"}
,"C:\\Users\\vinee\\OneDrive\\Desktop\\nodejsfolder\\vidly\\middleware\\validateObjectId.js": {"path":"C:\\Users\\vinee\\OneDrive\\Desktop\\nodejsfolder\\vidly\\middleware\\validateObjectId.js","statementMap":{"0":{"start":{"line":1,"column":17},"end":{"line":1,"column":36}},"1":{"start":{"line":3,"column":0},"end":{"line":8,"column":1}},"2":{"start":{"line":4,"column":2},"end":{"line":5,"column":47}},"3":{"start":{"line":5,"column":4},"end":{"line":5,"column":47}},"4":{"start":{"line":7,"column":2},"end":{"line":7,"column":9}}},"fnMap":{"0":{"name":"(anonymous_0)","decl":{"start":{"line":3,"column":17},"end":{"line":3,"column":18}},"loc":{"start":{"line":3,"column":42},"end":{"line":8,"column":1}},"line":3}},"branchMap":{"0":{"loc":{"start":{"line":4,"column":2},"end":{"line":5,"column":47}},"type":"if","locations":[{"start":{"line":4,"column":2},"end":{"line":5,"column":47}},{"start":{},"end":{}}],"line":4}},"s":{"0":3,"1":3,"2":3,"3":1,"4":2},"f":{"0":3},"b":{"0":[1,2]},"_coverageSchema":"1a1c01bbd47fc00a2c39e90264f33305004495a9","hash":"cd8295b7a472cbb95c732b23d285e29e6a3cb371"}
,"C:\\Users\\vinee\\OneDrive\\Desktop\\nodejsfolder\\vidly\\models\\customers.js": {"path":"C:\\Users\\vinee\\OneDrive\\Desktop\\nodejsfolder\\vidly\\models\\customers.js","statementMap":{"0":{"start":{"line":1,"column":12},"end":{"line":1,"column":26}},"1":{"start":{"line":2,"column":17},"end":{"line":2,"column":36}},"2":{"start":{"line":4,"column":17},"end":{"line":21,"column":3}},"3":{"start":{"line":24,"column":20},"end":{"line":28,"column":7}},"4":{"start":{"line":30,"column":5},"end":{"line":30,"column":38}},"5":{"start":{"line":33,"column":0},"end":{"line":33,"column":26}},"6":{"start":{"line":34,"column":0},"end":{"line":34,"column":34}}},"fnMap":{"0":{"name":"validateCustomer","decl":{"start":{"line":23,"column":9},"end":{"line":23,"column":25}},"loc":{"start":{"line":23,"column":36},"end":{"line":31,"column":1}},"line":23}},"branchMap":{},"s":{"0":3,"1":3,"2":3,"3":0,"4":0,"5":3,"6":3},"f":{"0":0},"b":{},"_coverageSchema":"1a1c01bbd47fc00a2c39e90264f33305004495a9","hash":"e5490edb7ad43f8135e7f477b81c521085d15036"}
,"C:\\Users\\vinee\\OneDrive\\Desktop\\nodejsfolder\\vidly\\models\\genre.js": {"path":"C:\\Users\\vinee\\OneDrive\\Desktop\\nodejsfolder\\vidly\\models\\genre.js","statementMap":{"0":{"start":{"line":1,"column":10},"end":{"line":1,"column":24}},"1":{"start":{"line":2,"column":15},"end":{"line":2,"column":34}},"2":{"start":{"line":4,"column":18},"end":{"line":11,"column":2}},"3":{"start":{"line":13,"column":12},"end":{"line":13,"column":47}},"4":{"start":{"line":16,"column":20},"end":{"line":18,"column":7}},"5":{"start":{"line":19,"column":5},"end":{"line":19,"column":35}},"6":{"start":{"line":22,"column":0},"end":{"line":22,"column":32}},"7":{"start":{"line":23,"column":0},"end":{"line":23,"column":20}},"8":{"start":{"line":24,"column":0},"end":{"line":24,"column":30}}},"fnMap":{"0":{"name":"validateGenre","decl":{"start":{"line":15,"column":9},"end":{"line":15,"column":22}},"loc":{"start":{"line":15,"column":30},"end":{"line":20,"column":1}},"line":15}},"branchMap":{},"s":{"0":3,"1":3,"2":3,"3":3,"4":10,"5":10,"6":3,"7":3,"8":3},"f":{"0":10},"b":{},"_coverageSchema":"1a1c01bbd47fc00a2c39e90264f33305004495a9","hash":"aa3bece39f9cc1864f620f292c3ea1f5fa2bff33"}
,"C:\\Users\\vinee\\OneDrive\\Desktop\\nodejsfolder\\vidly\\models\\movies.js": {"path":"C:\\Users\\vinee\\OneDrive\\Desktop\\nodejsfolder\\vidly\\models\\movies.js","statementMap":{"0":{"start":{"line":1,"column":12},"end":{"line":1,"column":26}},"1":{"start":{"line":2,"column":17},"end":{"line":2,"column":36}},"2":{"start":{"line":3,"column":24},"end":{"line":3,"column":42}},"3":{"start":{"line":6,"column":14},"end":{"line":30,"column":3}},"4":{"start":{"line":34,"column":20},"end":{"line":39,"column":7}},"5":{"start":{"line":40,"column":5},"end":{"line":40,"column":35}},"6":{"start":{"line":43,"column":0},"end":{"line":43,"column":33}},"7":{"start":{"line":44,"column":0},"end":{"line":44,"column":22}}},"fnMap":{"0":{"name":"validateMovie","decl":{"start":{"line":33,"column":9},"end":{"line":33,"column":22}},"loc":{"start":{"line":33,"column":30},"end":{"line":41,"column":1}},"line":33}},"branchMap":{},"s":{"0":3,"1":3,"2":3,"3":3,"4":0,"5":0,"6":3,"7":3},"f":{"0":0},"b":{},"_coverageSchema":"1a1c01bbd47fc00a2c39e90264f33305004495a9","hash":"966dc2c517d424d760a5d173ee7a8a0189bf40d5"}
,"C:\\Users\\vinee\\OneDrive\\Desktop\\nodejsfolder\\vidly\\models\\rental.js": {"path":"C:\\Users\\vinee\\OneDrive\\Desktop\\nodejsfolder\\vidly\\models\\rental.js","statementMap":{"0":{"start":{"line":1,"column":12},"end":{"line":1,"column":26}},"1":{"start":{"line":2,"column":17},"end":{"line":2,"column":36}},"2":{"start":{"line":3,"column":15},"end":{"line":3,"column":32}},"3":{"start":{"line":5,"column":21},"end":{"line":58,"column":2}},"4":{"start":{"line":60,"column":0},"end":{"line":64,"column":2}},"5":{"start":{"line":61,"column":5},"end":{"line":61,"column":36}},"6":{"start":{"line":62,"column":24},"end":{"line":62,"column":67}},"7":{"start":{"line":63,"column":5},"end":{"line":63,"column":62}},"8":{"start":{"line":66,"column":0},"end":{"line":71,"column":2}},"9":{"start":{"line":67,"column":5},"end":{"line":70,"column":8}},"10":{"start":{"line":73,"column":15},"end":{"line":73,"column":53}},"11":{"start":{"line":78,"column":20},"end":{"line":81,"column":7}},"12":{"start":{"line":82,"column":5},"end":{"line":82,"column":36}},"13":{"start":{"line":85,"column":0},"end":{"line":85,"column":34}},"14":{"start":{"line":86,"column":0},"end":{"line":86,"column":24}}},"fnMap":{"0":{"name":"(anonymous_0)","decl":{"start":{"line":60,"column":30},"end":{"line":60,"column":31}},"loc":{"start":{"line":60,"column":41},"end":{"line":64,"column":1}},"line":60},"1":{"name":"(anonymous_1)","decl":{"start":{"line":66,"column":30},"end":{"line":66,"column":31}},"loc":{"start":{"line":66,"column":60},"end":{"line":71,"column":1}},"line":66},"2":{"name":"validateRental","decl":{"start":{"line":77,"column":9},"end":{"line":77,"column":23}},"loc":{"start":{"line":77,"column":32},"end":{"line":83,"column":1}},"line":77}},"branchMap":{},"s":{"0":3,"1":3,"2":3,"3":3,"4":3,"5":5,"6":5,"7":5,"8":3,"9":7,"10":3,"11":0,"12":0,"13":3,"14":3},"f":{"0":5,"1":7,"2":0},"b":{},"_coverageSchema":"1a1c01bbd47fc00a2c39e90264f33305004495a9","hash":"3ea32b4356a9b2bd4af2dcbefc8da40e2e5bf4ff"}
,"C:\\Users\\vinee\\OneDrive\\Desktop\\nodejsfolder\\vidly\\models\\user.js": {"path":"C:\\Users\\vinee\\OneDrive\\Desktop\\nodejsfolder\\vidly\\models\\user.js","statementMap":{"0":{"start":{"line":1,"column":12},"end":{"line":1,"column":26}},"1":{"start":{"line":2,"column":17},"end":{"line":2,"column":36}},"2":{"start":{"line":3,"column":14},"end":{"line":3,"column":31}},"3":{"start":{"line":4,"column":13},"end":{"line":4,"column":36}},"4":{"start":{"line":6,"column":19},"end":{"line":28,"column":2}},"5":{"start":{"line":30,"column":0},"end":{"line":33,"column":2}},"6":{"start":{"line":31,"column":19},"end":{"line":31,"column":96}},"7":{"start":{"line":32,"column":5},"end":{"line":32,"column":18}},"8":{"start":{"line":35,"column":13},"end":{"line":35,"column":47}},"9":{"start":{"line":60,"column":20},"end":{"line":64,"column":7}},"10":{"start":{"line":65,"column":5},"end":{"line":65,"column":34}},"11":{"start":{"line":68,"column":0},"end":{"line":68,"column":20}},"12":{"start":{"line":69,"column":0},"end":{"line":69,"column":31}}},"fnMap":{"0":{"name":"(anonymous_0)","decl":{"start":{"line":30,"column":39},"end":{"line":30,"column":40}},"loc":{"start":{"line":30,"column":51},"end":{"line":33,"column":1}},"line":30},"1":{"name":"validateUser","decl":{"start":{"line":59,"column":9},"end":{"line":59,"column":21}},"loc":{"start":{"line":59,"column":28},"end":{"line":66,"column":1}},"line":59}},"branchMap":{},"s":{"0":5,"1":5,"2":5,"3":5,"4":5,"5":5,"6":34,"7":34,"8":5,"9":0,"10":0,"11":5,"12":5},"f":{"0":34,"1":0},"b":{},"_coverageSchema":"1a1c01bbd47fc00a2c39e90264f33305004495a9","hash":"c26465a94419b5826b71a7b0175c93c6f4cc5b45"}
,"C:\\Users\\vinee\\OneDrive\\Desktop\\nodejsfolder\\vidly\\routes\\auth.js": {"path":"C:\\Users\\vinee\\OneDrive\\Desktop\\nodejsfolder\\vidly\\routes\\auth.js","statementMap":{"0":{"start":{"line":3,"column":12},"end":{"line":3,"column":26}},"1":{"start":{"line":4,"column":15},"end":{"line":4,"column":32}},"2":{"start":{"line":5,"column":10},"end":{"line":5,"column":27}},"3":{"start":{"line":6,"column":17},"end":{"line":6,"column":42}},"4":{"start":{"line":7,"column":16},"end":{"line":7,"column":34}},"5":{"start":{"line":8,"column":17},"end":{"line":8,"column":36}},"6":{"start":{"line":9,"column":15},"end":{"line":9,"column":31}},"7":{"start":{"line":13,"column":0},"end":{"line":29,"column":3}},"8":{"start":{"line":14,"column":23},"end":{"line":14,"column":41}},"9":{"start":{"line":15,"column":5},"end":{"line":15,"column":70}},"10":{"start":{"line":15,"column":16},"end":{"line":15,"column":70}},"11":{"start":{"line":17,"column":16},"end":{"line":17,"column":61}},"12":{"start":{"line":18,"column":5},"end":{"line":18,"column":73}},"13":{"start":{"line":18,"column":16},"end":{"line":18,"column":73}},"14":{"start":{"line":20,"column":27},"end":{"line":20,"column":81}},"15":{"start":{"line":21,"column":5},"end":{"line":21,"column":81}},"16":{"start":{"line":21,"column":25},"end":{"line":21,"column":81}},"17":{"start":{"line":24,"column":17},"end":{"line":24,"column":41}},"18":{"start":{"line":26,"column":5},"end":{"line":26,"column":21}},"19":{"start":{"line":35,"column":20},"end":{"line":38,"column":7}},"20":{"start":{"line":39,"column":5},"end":{"line":39,"column":33}},"21":{"start":{"line":43,"column":0},"end":{"line":43,"column":24}}},"fnMap":{"0":{"name":"(anonymous_0)","decl":{"start":{"line":13,"column":17},"end":{"line":13,"column":18}},"loc":{"start":{"line":13,"column":37},"end":{"line":29,"column":1}},"line":13},"1":{"name":"validate","decl":{"start":{"line":34,"column":9},"end":{"line":34,"column":17}},"loc":{"start":{"line":34,"column":23},"end":{"line":40,"column":1}},"line":34}},"branchMap":{"0":{"loc":{"start":{"line":15,"column":5},"end":{"line":15,"column":70}},"type":"if","locations":[{"start":{"line":15,"column":5},"end":{"line":15,"column":70}},{"start":{},"end":{}}],"line":15},"1":{"loc":{"start":{"line":18,"column":5},"end":{"line":18,"column":73}},"type":"if","locations":[{"start":{"line":18,"column":5},"end":{"line":18,"column":73}},{"start":{},"end":{}}],"line":18},"2":{"loc":{"start":{"line":21,"column":5},"end":{"line":21,"column":81}},"type":"if","locations":[{"start":{"line":21,"column":5},"end":{"line":21,"column":81}},{"start":{},"end":{}}],"line":21}},"s":{"0":3,"1":3,"2":3,"3":3,"4":3,"5":3,"6":3,"7":3,"8":0,"9":0,"10":0,"11":0,"12":0,"13":0,"14":0,"15":0,"16":0,"17":0,"18":0,"19":0,"20":0,"21":3},"f":{"0":0,"1":0},"b":{"0":[0,0],"1":[0,0],"2":[0,0]},"_coverageSchema":"1a1c01bbd47fc00a2c39e90264f33305004495a9","hash":"9220b9f9279d4c7beed1f7cb6fc8078b9b41e395"}
,"C:\\Users\\vinee\\OneDrive\\Desktop\\nodejsfolder\\vidly\\routes\\customers-mongodb.js": {"path":"C:\\Users\\vinee\\OneDrive\\Desktop\\nodejsfolder\\vidly\\routes\\customers-mongodb.js","statementMap":{"0":{"start":{"line":2,"column":28},"end":{"line":2,"column":58}},"1":{"start":{"line":3,"column":17},"end":{"line":3,"column":36}},"2":{"start":{"line":4,"column":16},"end":{"line":4,"column":34}},"3":{"start":{"line":5,"column":15},"end":{"line":5,"column":31}},"4":{"start":{"line":30,"column":0},"end":{"line":33,"column":3}},"5":{"start":{"line":31,"column":23},"end":{"line":31,"column":57}},"6":{"start":{"line":32,"column":5},"end":{"line":32,"column":25}},"7":{"start":{"line":36,"column":0},"end":{"line":47,"column":3}},"8":{"start":{"line":37,"column":23},"end":{"line":37,"column":41}},"9":{"start":{"line":38,"column":5},"end":{"line":38,"column":70}},"10":{"start":{"line":38,"column":16},"end":{"line":38,"column":70}},"11":{"start":{"line":40,"column":20},"end":{"line":44,"column":7}},"12":{"start":{"line":45,"column":5},"end":{"line":45,"column":38}},"13":{"start":{"line":46,"column":5},"end":{"line":46,"column":24}},"14":{"start":{"line":50,"column":0},"end":{"line":64,"column":3}},"15":{"start":{"line":51,"column":23},"end":{"line":51,"column":41}},"16":{"start":{"line":52,"column":5},"end":{"line":52,"column":70}},"17":{"start":{"line":52,"column":16},"end":{"line":52,"column":70}},"18":{"start":{"line":54,"column":22},"end":{"line":59,"column":6}},"19":{"start":{"line":61,"column":5},"end":{"line":61,"column":67}},"20":{"start":{"line":61,"column":20},"end":{"line":61,"column":67}},"21":{"start":{"line":63,"column":5},"end":{"line":63,"column":24}},"22":{"start":{"line":67,"column":0},"end":{"line":73,"column":3}},"23":{"start":{"line":68,"column":22},"end":{"line":68,"column":69}},"24":{"start":{"line":70,"column":5},"end":{"line":70,"column":70}},"25":{"start":{"line":70,"column":20},"end":{"line":70,"column":70}},"26":{"start":{"line":72,"column":5},"end":{"line":72,"column":24}},"27":{"start":{"line":76,"column":0},"end":{"line":82,"column":3}},"28":{"start":{"line":77,"column":22},"end":{"line":77,"column":60}},"29":{"start":{"line":79,"column":5},"end":{"line":79,"column":70}},"30":{"start":{"line":79,"column":20},"end":{"line":79,"column":70}},"31":{"start":{"line":81,"column":5},"end":{"line":81,"column":24}},"32":{"start":{"line":95,"column":0},"end":{"line":95,"column":24}}},"fnMap":{"0":{"name":"(anonymous_0)","decl":{"start":{"line":30,"column":16},"end":{"line":30,"column":17}},"loc":{"start":{"line":30,"column":36},"end":{"line":33,"column":1}},"line":30},"1":{"name":"(anonymous_1)","decl":{"start":{"line":36,"column":17},"end":{"line":36,"column":18}},"loc":{"start":{"line":36,"column":37},"end":{"line":47,"column":1}},"line":36},"2":{"name":"(anonymous_2)","decl":{"start":{"line":50,"column":19},"end":{"line":50,"column":20}},"loc":{"start":{"line":50,"column":39},"end":{"line":64,"column":1}},"line":50},"3":{"name":"(anonymous_3)","decl":{"start":{"line":67,"column":22},"end":{"line":67,"column":23}},"loc":{"start":{"line":67,"column":42},"end":{"line":73,"column":1}},"line":67},"4":{"name":"(anonymous_4)","decl":{"start":{"line":76,"column":19},"end":{"line":76,"column":20}},"loc":{"start":{"line":76,"column":39},"end":{"line":82,"column":1}},"line":76}},"branchMap":{"0":{"loc":{"start":{"line":38,"column":5},"end":{"line":38,"column":70}},"type":"if","locations":[{"start":{"line":38,"column":5},"end":{"line":38,"column":70}},{"start":{},"end":{}}],"line":38},"1":{"loc":{"start":{"line":52,"column":5},"end":{"line":52,"column":70}},"type":"if","locations":[{"start":{"line":52,"column":5},"end":{"line":52,"column":70}},{"start":{},"end":{}}],"line":52},"2":{"loc":{"start":{"line":61,"column":5},"end":{"line":61,"column":67}},"type":"if","locations":[{"start":{"line":61,"column":5},"end":{"line":61,"column":67}},{"start":{},"end":{}}],"line":61},"3":{"loc":{"start":{"line":70,"column":5},"end":{"line":70,"column":70}},"type":"if","locations":[{"start":{"line":70,"column":5},"end":{"line":70,"column":70}},{"start":{},"end":{}}],"line":70},"4":{"loc":{"start":{"line":79,"column":5},"end":{"line":79,"column":70}},"type":"if","locations":[{"start":{"line":79,"column":5},"end":{"line":79,"column":70}},{"start":{},"end":{}}],"line":79}},"s":{"0":3,"1":3,"2":3,"3":3,"4":3,"5":0,"6":0,"7":3,"8":0,"9":0,"10":0,"11":0,"12":0,"13":0,"14":3,"15":0,"16":0,"17":0,"18":0,"19":0,"20":0,"21":0,"22":3,"23":0,"24":0,"25":0,"26":0,"27":3,"28":0,"29":0,"30":0,"31":0,"32":3},"f":{"0":0,"1":0,"2":0,"3":0,"4":0},"b":{"0":[0,0],"1":[0,0],"2":[0,0],"3":[0,0],"4":[0,0]},"_coverageSchema":"1a1c01bbd47fc00a2c39e90264f33305004495a9","hash":"2f9c27dc1531af9050faf848a7306dd9642f52fa"}
,"C:\\Users\\vinee\\OneDrive\\Desktop\\nodejsfolder\\vidly\\routes\\genres-mongodb.js": {"path":"C:\\Users\\vinee\\OneDrive\\Desktop\\nodejsfolder\\vidly\\routes\\genres-mongodb.js","statementMap":{"0":{"start":{"line":1,"column":12},"end":{"line":1,"column":26}},"1":{"start":{"line":2,"column":13},"end":{"line":2,"column":42}},"2":{"start":{"line":3,"column":14},"end":{"line":3,"column":44}},"3":{"start":{"line":4,"column":28},"end":{"line":4,"column":54}},"4":{"start":{"line":5,"column":16},"end":{"line":5,"column":34}},"5":{"start":{"line":6,"column":24},"end":{"line":6,"column":54}},"6":{"start":{"line":7,"column":23},"end":{"line":7,"column":64}},"7":{"start":{"line":8,"column":17},"end":{"line":8,"column":36}},"8":{"start":{"line":9,"column":15},"end":{"line":9,"column":31}},"9":{"start":{"line":15,"column":0},"end":{"line":27,"column":4}},"10":{"start":{"line":18,"column":25},"end":{"line":18,"column":56}},"11":{"start":{"line":19,"column":10},"end":{"line":19,"column":27}},"12":{"start":{"line":30,"column":0},"end":{"line":37,"column":4}},"13":{"start":{"line":31,"column":23},"end":{"line":31,"column":41}},"14":{"start":{"line":32,"column":5},"end":{"line":32,"column":70}},"15":{"start":{"line":32,"column":16},"end":{"line":32,"column":70}},"16":{"start":{"line":34,"column":17},"end":{"line":34,"column":51}},"17":{"start":{"line":35,"column":5},"end":{"line":35,"column":32}},"18":{"start":{"line":36,"column":5},"end":{"line":36,"column":21}},"19":{"start":{"line":40,"column":0},"end":{"line":56,"column":4}},"20":{"start":{"line":41,"column":5},"end":{"line":41,"column":101}},"21":{"start":{"line":41,"column":58},"end":{"line":41,"column":101}},"22":{"start":{"line":43,"column":23},"end":{"line":43,"column":41}},"23":{"start":{"line":44,"column":5},"end":{"line":44,"column":70}},"24":{"start":{"line":44,"column":16},"end":{"line":44,"column":70}},"25":{"start":{"line":46,"column":19},"end":{"line":50,"column":6}},"26":{"start":{"line":52,"column":5},"end":{"line":53,"column":57}},"27":{"start":{"line":53,"column":10},"end":{"line":53,"column":57}},"28":{"start":{"line":55,"column":5},"end":{"line":55,"column":21}},"29":{"start":{"line":59,"column":0},"end":{"line":68,"column":4}},"30":{"start":{"line":60,"column":5},"end":{"line":60,"column":101}},"31":{"start":{"line":60,"column":58},"end":{"line":60,"column":101}},"32":{"start":{"line":62,"column":19},"end":{"line":62,"column":63}},"33":{"start":{"line":64,"column":5},"end":{"line":65,"column":57}},"34":{"start":{"line":65,"column":10},"end":{"line":65,"column":57}},"35":{"start":{"line":67,"column":5},"end":{"line":67,"column":21}},"36":{"start":{"line":71,"column":0},"end":{"line":78,"column":4}},"37":{"start":{"line":72,"column":19},"end":{"line":72,"column":54}},"38":{"start":{"line":74,"column":5},"end":{"line":75,"column":57}},"39":{"start":{"line":75,"column":10},"end":{"line":75,"column":57}},"40":{"start":{"line":77,"column":5},"end":{"line":77,"column":21}},"41":{"start":{"line":82,"column":0},"end":{"line":82,"column":24}}},"fnMap":{"0":{"name":"(anonymous_0)","decl":{"start":{"line":15,"column":32},"end":{"line":15,"column":33}},"loc":{"start":{"line":15,"column":57},"end":{"line":27,"column":1}},"line":15},"1":{"name":"(anonymous_1)","decl":{"start":{"line":30,"column":39},"end":{"line":30,"column":40}},"loc":{"start":{"line":30,"column":58},"end":{"line":37,"column":1}},"line":30},"2":{"name":"(anonymous_2)","decl":{"start":{"line":40,"column":41},"end":{"line":40,"column":42}},"loc":{"start":{"line":40,"column":61},"end":{"line":56,"column":1}},"line":40},"3":{"name":"(anonymous_3)","decl":{"start":{"line":59,"column":53},"end":{"line":59,"column":54}},"loc":{"start":{"line":59,"column":73},"end":{"line":68,"column":1}},"line":59},"4":{"name":"(anonymous_4)","decl":{"start":{"line":71,"column":52},"end":{"line":71,"column":53}},"loc":{"start":{"line":71,"column":72},"end":{"line":78,"column":1}},"line":71}},"branchMap":{"0":{"loc":{"start":{"line":32,"column":5},"end":{"line":32,"column":70}},"type":"if","locations":[{"start":{"line":32,"column":5},"end":{"line":32,"column":70}},{"start":{},"end":{}}],"line":32},"1":{"loc":{"start":{"line":41,"column":5},"end":{"line":41,"column":101}},"type":"if","locations":[{"start":{"line":41,"column":5},"end":{"line":41,"column":101}},{"start":{},"end":{}}],"line":41},"2":{"loc":{"start":{"line":44,"column":5},"end":{"line":44,"column":70}},"type":"if","locations":[{"start":{"line":44,"column":5},"end":{"line":44,"column":70}},{"start":{},"end":{}}],"line":44},"3":{"loc":{"start":{"line":52,"column":5},"end":{"line":53,"column":57}},"type":"if","locations":[{"start":{"line":52,"column":5},"end":{"line":53,"column":57}},{"start":{},"end":{}}],"line":52},"4":{"loc":{"start":{"line":60,"column":5},"end":{"line":60,"column":101}},"type":"if","locations":[{"start":{"line":60,"column":5},"end":{"line":60,"column":101}},{"start":{},"end":{}}],"line":60},"5":{"loc":{"start":{"line":64,"column":5},"end":{"line":65,"column":57}},"type":"if","locations":[{"start":{"line":64,"column":5},"end":{"line":65,"column":57}},{"start":{},"end":{}}],"line":64},"6":{"loc":{"start":{"line":74,"column":5},"end":{"line":75,"column":57}},"type":"if","locations":[{"start":{"line":74,"column":5},"end":{"line":75,"column":57}},{"start":{},"end":{}}],"line":74}},"s":{"0":3,"1":3,"2":3,"3":3,"4":3,"5":3,"6":3,"7":3,"8":3,"9":3,"10":1,"11":1,"12":3,"13":5,"14":5,"15":2,"16":3,"17":3,"18":3,"19":3,"20":6,"21":1,"22":5,"23":5,"24":2,"25":3,"26":3,"27":1,"28":2,"29":3,"30":4,"31":1,"32":3,"33":3,"34":1,"35":2,"36":3,"37":2,"38":2,"39":1,"40":1,"41":3},"f":{"0":1,"1":5,"2":6,"3":4,"4":2},"b":{"0":[2,3],"1":[1,5],"2":[2,3],"3":[1,2],"4":[1,3],"5":[1,2],"6":[1,1]},"_coverageSchema":"1a1c01bbd47fc00a2c39e90264f33305004495a9","hash":"fdd5faa931f2ac04fe77ad918d6bb6269ac0a779"}
,"C:\\Users\\vinee\\OneDrive\\Desktop\\nodejsfolder\\vidly\\routes\\movies-mongodb.js": {"path":"C:\\Users\\vinee\\OneDrive\\Desktop\\nodejsfolder\\vidly\\routes\\movies-mongodb.js","statementMap":{"0":{"start":{"line":1,"column":23},"end":{"line":1,"column":50}},"1":{"start":{"line":2,"column":14},"end":{"line":2,"column":40}},"2":{"start":{"line":3,"column":14},"end":{"line":3,"column":32}},"3":{"start":{"line":4,"column":13},"end":{"line":4,"column":29}},"4":{"start":{"line":5,"column":11},"end":{"line":5,"column":40}},"5":{"start":{"line":6,"column":12},"end":{"line":6,"column":42}},"6":{"start":{"line":9,"column":0},"end":{"line":12,"column":3}},"7":{"start":{"line":10,"column":18},"end":{"line":10,"column":49}},"8":{"start":{"line":11,"column":5},"end":{"line":11,"column":22}},"9":{"start":{"line":15,"column":0},"end":{"line":34,"column":2}},"10":{"start":{"line":16,"column":19},"end":{"line":16,"column":37}},"11":{"start":{"line":17,"column":5},"end":{"line":17,"column":69}},"12":{"start":{"line":17,"column":15},"end":{"line":17,"column":69}},"13":{"start":{"line":19,"column":17},"end":{"line":19,"column":55}},"14":{"start":{"line":20,"column":5},"end":{"line":20,"column":61}},"15":{"start":{"line":20,"column":16},"end":{"line":20,"column":61}},"16":{"start":{"line":22,"column":16},"end":{"line":30,"column":7}},"17":{"start":{"line":32,"column":5},"end":{"line":32,"column":30}},"18":{"start":{"line":36,"column":0},"end":{"line":36,"column":23}}},"fnMap":{"0":{"name":"(anonymous_0)","decl":{"start":{"line":9,"column":15},"end":{"line":9,"column":16}},"loc":{"start":{"line":9,"column":31},"end":{"line":12,"column":1}},"line":9},"1":{"name":"(anonymous_1)","decl":{"start":{"line":15,"column":21},"end":{"line":15,"column":22}},"loc":{"start":{"line":15,"column":37},"end":{"line":34,"column":1}},"line":15}},"branchMap":{"0":{"loc":{"start":{"line":17,"column":5},"end":{"line":17,"column":69}},"type":"if","locations":[{"start":{"line":17,"column":5},"end":{"line":17,"column":69}},{"start":{},"end":{}}],"line":17},"1":{"loc":{"start":{"line":20,"column":5},"end":{"line":20,"column":61}},"type":"if","locations":[{"start":{"line":20,"column":5},"end":{"line":20,"column":61}},{"start":{},"end":{}}],"line":20}},"s":{"0":3,"1":3,"2":3,"3":3,"4":3,"5":3,"6":3,"7":0,"8":0,"9":3,"10":0,"11":0,"12":0,"13":0,"14":0,"15":0,"16":0,"17":0,"18":3},"f":{"0":0,"1":0},"b":{"0":[0,0],"1":[0,0]},"_coverageSchema":"1a1c01bbd47fc00a2c39e90264f33305004495a9","hash":"6e0563b8d68b082e2b9349fef5fbffe6745ec9ab"}
,"C:\\Users\\vinee\\OneDrive\\Desktop\\nodejsfolder\\vidly\\routes\\rentals-mongodb.js": {"path":"C:\\Users\\vinee\\OneDrive\\Desktop\\nodejsfolder\\vidly\\routes\\rentals-mongodb.js","statementMap":{"0":{"start":{"line":1,"column":27},"end":{"line":1,"column":54}},"1":{"start":{"line":2,"column":16},"end":{"line":2,"column":43}},"2":{"start":{"line":3,"column":19},"end":{"line":3,"column":49}},"3":{"start":{"line":4,"column":17},"end":{"line":4,"column":36}},"4":{"start":{"line":6,"column":16},"end":{"line":6,"column":34}},"5":{"start":{"line":7,"column":15},"end":{"line":7,"column":31}},"6":{"start":{"line":11,"column":0},"end":{"line":14,"column":3}},"7":{"start":{"line":12,"column":18},"end":{"line":12,"column":54}},"8":{"start":{"line":13,"column":2},"end":{"line":13,"column":20}},"9":{"start":{"line":16,"column":0},"end":{"line":55,"column":3}},"10":{"start":{"line":18,"column":20},"end":{"line":18,"column":38}},"11":{"start":{"line":19,"column":2},"end":{"line":19,"column":67}},"12":{"start":{"line":19,"column":13},"end":{"line":19,"column":67}},"13":{"start":{"line":21,"column":19},"end":{"line":21,"column":63}},"14":{"start":{"line":22,"column":2},"end":{"line":22,"column":66}},"15":{"start":{"line":22,"column":17},"end":{"line":22,"column":66}},"16":{"start":{"line":24,"column":16},"end":{"line":24,"column":54}},"17":{"start":{"line":25,"column":2},"end":{"line":25,"column":60}},"18":{"start":{"line":25,"column":14},"end":{"line":25,"column":60}},"19":{"start":{"line":27,"column":2},"end":{"line":27,"column":84}},"20":{"start":{"line":27,"column":33},"end":{"line":27,"column":84}},"21":{"start":{"line":29,"column":15},"end":{"line":40,"column":4}},"22":{"start":{"line":42,"column":2},"end":{"line":54,"column":3}},"23":{"start":{"line":43,"column":20},"end":{"line":43,"column":49}},"24":{"start":{"line":44,"column":4},"end":{"line":47,"column":7}},"25":{"start":{"line":45,"column":6},"end":{"line":45,"column":37}},"26":{"start":{"line":46,"column":6},"end":{"line":46,"column":93}},"27":{"start":{"line":48,"column":4},"end":{"line":48,"column":31}},"28":{"start":{"line":50,"column":4},"end":{"line":50,"column":21}},"29":{"start":{"line":53,"column":4},"end":{"line":53,"column":46}},"30":{"start":{"line":57,"column":0},"end":{"line":63,"column":3}},"31":{"start":{"line":58,"column":17},"end":{"line":58,"column":53}},"32":{"start":{"line":60,"column":2},"end":{"line":60,"column":90}},"33":{"start":{"line":60,"column":15},"end":{"line":60,"column":90}},"34":{"start":{"line":62,"column":2},"end":{"line":62,"column":19}},"35":{"start":{"line":65,"column":0},"end":{"line":65,"column":24}}},"fnMap":{"0":{"name":"(anonymous_0)","decl":{"start":{"line":11,"column":16},"end":{"line":11,"column":17}},"loc":{"start":{"line":11,"column":36},"end":{"line":14,"column":1}},"line":11},"1":{"name":"(anonymous_1)","decl":{"start":{"line":16,"column":17},"end":{"line":16,"column":18}},"loc":{"start":{"line":16,"column":37},"end":{"line":55,"column":1}},"line":16},"2":{"name":"(anonymous_2)","decl":{"start":{"line":44,"column":34},"end":{"line":44,"column":35}},"loc":{"start":{"line":44,"column":46},"end":{"line":47,"column":5}},"line":44},"3":{"name":"(anonymous_3)","decl":{"start":{"line":57,"column":19},"end":{"line":57,"column":20}},"loc":{"start":{"line":57,"column":39},"end":{"line":63,"column":1}},"line":57}},"branchMap":{"0":{"loc":{"start":{"line":19,"column":2},"end":{"line":19,"column":67}},"type":"if","locations":[{"start":{"line":19,"column":2},"end":{"line":19,"column":67}},{"start":{},"end":{}}],"line":19},"1":{"loc":{"start":{"line":22,"column":2},"end":{"line":22,"column":66}},"type":"if","locations":[{"start":{"line":22,"column":2},"end":{"line":22,"column":66}},{"start":{},"end":{}}],"line":22},"2":{"loc":{"start":{"line":25,"column":2},"end":{"line":25,"column":60}},"type":"if","locations":[{"start":{"line":25,"column":2},"end":{"line":25,"column":60}},{"start":{},"end":{}}],"line":25},"3":{"loc":{"start":{"line":27,"column":2},"end":{"line":27,"column":84}},"type":"if","locations":[{"start":{"line":27,"column":2},"end":{"line":27,"column":84}},{"start":{},"end":{}}],"line":27},"4":{"loc":{"start":{"line":60,"column":2},"end":{"line":60,"column":90}},"type":"if","locations":[{"start":{"line":60,"column":2},"end":{"line":60,"column":90}},{"start":{},"end":{}}],"line":60}},"s":{"0":3,"1":3,"2":3,"3":3,"4":3,"5":3,"6":3,"7":0,"8":0,"9":3,"10":0,"11":0,"12":0,"13":0,"14":0,"15":0,"16":0,"17":0,"18":0,"19":0,"20":0,"21":0,"22":0,"23":0,"24":0,"25":0,"26":0,"27":0,"28":0,"29":0,"30":3,"31":0,"32":0,"33":0,"34":0,"35":3},"f":{"0":0,"1":0,"2":0,"3":0},"b":{"0":[0,0],"1":[0,0],"2":[0,0],"3":[0,0],"4":[0,0]},"_coverageSchema":"1a1c01bbd47fc00a2c39e90264f33305004495a9","hash":"154e3f5fad10d3c768131121da09491804be66d5"}
,"C:\\Users\\vinee\\OneDrive\\Desktop\\nodejsfolder\\vidly\\routes\\returns.js": {"path":"C:\\Users\\vinee\\OneDrive\\Desktop\\nodejsfolder\\vidly\\routes\\returns.js","statementMap":{"0":{"start":{"line":1,"column":12},"end":{"line":1,"column":26}},"1":{"start":{"line":2,"column":17},"end":{"line":2,"column":50}},"2":{"start":{"line":3,"column":19},"end":{"line":3,"column":46}},"3":{"start":{"line":4,"column":18},"end":{"line":4,"column":45}},"4":{"start":{"line":5,"column":13},"end":{"line":5,"column":42}},"5":{"start":{"line":6,"column":16},"end":{"line":6,"column":34}},"6":{"start":{"line":7,"column":15},"end":{"line":7,"column":31}},"7":{"start":{"line":9,"column":0},"end":{"line":22,"column":3}},"8":{"start":{"line":10,"column":20},"end":{"line":10,"column":78}},"9":{"start":{"line":11,"column":5},"end":{"line":11,"column":67}},"10":{"start":{"line":11,"column":18},"end":{"line":11,"column":67}},"11":{"start":{"line":12,"column":5},"end":{"line":12,"column":87}},"12":{"start":{"line":12,"column":30},"end":{"line":12,"column":87}},"13":{"start":{"line":14,"column":5},"end":{"line":14,"column":21}},"14":{"start":{"line":15,"column":5},"end":{"line":15,"column":25}},"15":{"start":{"line":17,"column":5},"end":{"line":19,"column":8}},"16":{"start":{"line":21,"column":5},"end":{"line":21,"column":29}},"17":{"start":{"line":27,"column":20},"end":{"line":30,"column":7}},"18":{"start":{"line":31,"column":5},"end":{"line":31,"column":33}},"19":{"start":{"line":34,"column":0},"end":{"line":34,"column":24}}},"fnMap":{"0":{"name":"(anonymous_0)","decl":{"start":{"line":9,"column":51},"end":{"line":9,"column":52}},"loc":{"start":{"line":9,"column":71},"end":{"line":22,"column":1}},"line":9},"1":{"name":"validateReturn","decl":{"start":{"line":26,"column":9},"end":{"line":26,"column":23}},"loc":{"start":{"line":26,"column":29},"end":{"line":32,"column":1}},"line":26}},"branchMap":{"0":{"loc":{"start":{"line":11,"column":5},"end":{"line":11,"column":67}},"type":"if","locations":[{"start":{"line":11,"column":5},"end":{"line":11,"column":67}},{"start":{},"end":{}}],"line":11},"1":{"loc":{"start":{"line":12,"column":5},"end":{"line":12,"column":87}},"type":"if","locations":[{"start":{"line":12,"column":5},"end":{"line":12,"column":87}},{"start":{},"end":{}}],"line":12}},"s":{"0":3,"1":3,"2":3,"3":3,"4":3,"5":3,"6":3,"7":3,"8":7,"9":7,"10":1,"11":6,"12":1,"13":5,"14":5,"15":5,"16":5,"17":9,"18":9,"19":3},"f":{"0":7,"1":9},"b":{"0":[1,6],"1":[1,5]},"_coverageSchema":"1a1c01bbd47fc00a2c39e90264f33305004495a9","hash":"87a9a0b5ea2d3dcb22c4f88106d98acb4e7ae34c"}
,"C:\\Users\\vinee\\OneDrive\\Desktop\\nodejsfolder\\vidly\\routes\\users.js": {"path":"C:\\Users\\vinee\\OneDrive\\Desktop\\nodejsfolder\\vidly\\routes\\users.js","statementMap":{"0":{"start":{"line":1,"column":10},"end":{"line":1,"column":33}},"1":{"start":{"line":2,"column":11},"end":{"line":2,"column":40}},"2":{"start":{"line":3,"column":13},"end":{"line":3,"column":30}},"3":{"start":{"line":4,"column":15},"end":{"line":4,"column":32}},"4":{"start":{"line":5,"column":10},"end":{"line":5,"column":27}},"5":{"start":{"line":6,"column":27},"end":{"line":6,"column":52}},"6":{"start":{"line":7,"column":16},"end":{"line":7,"column":34}},"7":{"start":{"line":8,"column":17},"end":{"line":8,"column":36}},"8":{"start":{"line":9,"column":15},"end":{"line":9,"column":31}},"9":{"start":{"line":12,"column":0},"end":{"line":15,"column":2}},"10":{"start":{"line":13,"column":17},"end":{"line":13,"column":70}},"11":{"start":{"line":14,"column":0},"end":{"line":14,"column":15}},"12":{"start":{"line":18,"column":0},"end":{"line":43,"column":3}},"13":{"start":{"line":19,"column":23},"end":{"line":19,"column":41}},"14":{"start":{"line":20,"column":5},"end":{"line":20,"column":70}},"15":{"start":{"line":20,"column":16},"end":{"line":20,"column":70}},"16":{"start":{"line":22,"column":16},"end":{"line":22,"column":61}},"17":{"start":{"line":23,"column":5},"end":{"line":23,"column":70}},"18":{"start":{"line":23,"column":15},"end":{"line":23,"column":70}},"19":{"start":{"line":25,"column":5},"end":{"line":25,"column":70}},"20":{"start":{"line":27,"column":18},"end":{"line":27,"column":42}},"21":{"start":{"line":28,"column":5},"end":{"line":28,"column":60}},"22":{"start":{"line":33,"column":5},"end":{"line":33,"column":23}},"23":{"start":{"line":35,"column":17},"end":{"line":35,"column":41}},"24":{"start":{"line":37,"column":5},"end":{"line":37,"column":76}},"25":{"start":{"line":45,"column":0},"end":{"line":45,"column":24}}},"fnMap":{"0":{"name":"(anonymous_0)","decl":{"start":{"line":12,"column":22},"end":{"line":12,"column":23}},"loc":{"start":{"line":12,"column":38},"end":{"line":15,"column":1}},"line":12},"1":{"name":"(anonymous_1)","decl":{"start":{"line":18,"column":17},"end":{"line":18,"column":18}},"loc":{"start":{"line":18,"column":37},"end":{"line":43,"column":1}},"line":18}},"branchMap":{"0":{"loc":{"start":{"line":20,"column":5},"end":{"line":20,"column":70}},"type":"if","locations":[{"start":{"line":20,"column":5},"end":{"line":20,"column":70}},{"start":{},"end":{}}],"line":20},"1":{"loc":{"start":{"line":23,"column":5},"end":{"line":23,"column":70}},"type":"if","locations":[{"start":{"line":23,"column":5},"end":{"line":23,"column":70}},{"start":{},"end":{}}],"line":23}},"s":{"0":3,"1":3,"2":3,"3":3,"4":3,"5":3,"6":3,"7":3,"8":3,"9":3,"10":0,"11":0,"12":3,"13":0,"14":0,"15":0,"16":0,"17":0,"18":0,"19":0,"20":0,"21":0,"22":0,"23":0,"24":0,"25":3},"f":{"0":0,"1":0},"b":{"0":[0,0],"1":[0,0]},"_coverageSchema":"1a1c01bbd47fc00a2c39e90264f33305004495a9","hash":"3a6c0e9bbbd85579e464be931f162b4f589f02a3"}
,"C:\\Users\\vinee\\OneDrive\\Desktop\\nodejsfolder\\vidly\\startup\\config.js": {"path":"C:\\Users\\vinee\\OneDrive\\Desktop\\nodejsfolder\\vidly\\startup\\config.js","statementMap":{"0":{"start":{"line":1,"column":14},"end":{"line":1,"column":31}},"1":{"start":{"line":2,"column":0},"end":{"line":8,"column":1}},"2":{"start":{"line":3,"column":5},"end":{"line":7,"column":6}},"3":{"start":{"line":4,"column":9},"end":{"line":4,"column":70}}},"fnMap":{"0":{"name":"(anonymous_0)","decl":{"start":{"line":2,"column":15},"end":{"line":2,"column":16}},"loc":{"start":{"line":2,"column":25},"end":{"line":8,"column":1}},"line":2}},"branchMap":{"0":{"loc":{"start":{"line":3,"column":5},"end":{"line":7,"column":6}},"type":"if","locations":[{"start":{"line":3,"column":5},"end":{"line":7,"column":6}},{"start":{},"end":{}}],"line":3}},"s":{"0":3,"1":3,"2":3,"3":0},"f":{"0":3},"b":{"0":[0,3]},"_coverageSchema":"1a1c01bbd47fc00a2c39e90264f33305004495a9","hash":"078e13e60c4d5e7a9c20378d04c1ca71cf72d3d0"}
,"C:\\Users\\vinee\\OneDrive\\Desktop\\nodejsfolder\\vidly\\startup\\db.js": {"path":"C:\\Users\\vinee\\OneDrive\\Desktop\\nodejsfolder\\vidly\\startup\\db.js","statementMap":{"0":{"start":{"line":1,"column":14},"end":{"line":1,"column":32}},"1":{"start":{"line":2,"column":15},"end":{"line":2,"column":34}},"2":{"start":{"line":3,"column":13},"end":{"line":3,"column":30}},"3":{"start":{"line":6,"column":0},"end":{"line":11,"column":1}},"4":{"start":{"line":7,"column":14},"end":{"line":7,"column":30}},"5":{"start":{"line":8,"column":5},"end":{"line":9,"column":53}},"6":{"start":{"line":9,"column":17},"end":{"line":9,"column":52}}},"fnMap":{"0":{"name":"(anonymous_0)","decl":{"start":{"line":6,"column":15},"end":{"line":6,"column":16}},"loc":{"start":{"line":6,"column":25},"end":{"line":11,"column":1}},"line":6},"1":{"name":"(anonymous_1)","decl":{"start":{"line":9,"column":11},"end":{"line":9,"column":12}},"loc":{"start":{"line":9,"column":17},"end":{"line":9,"column":52}},"line":9}},"branchMap":{},"s":{"0":3,"1":3,"2":3,"3":3,"4":3,"5":3,"6":3},"f":{"0":3,"1":3},"b":{},"_coverageSchema":"1a1c01bbd47fc00a2c39e90264f33305004495a9","hash":"f51499406e8f553468218f5bccb76cea0560c06b"}
,"C:\\Users\\vinee\\OneDrive\\Desktop\\nodejsfolder\\vidly\\startup\\logging.js": {"path":"C:\\Users\\vinee\\OneDrive\\Desktop\\nodejsfolder\\vidly\\startup\\logging.js","statementMap":{"0":{"start":{"line":28,"column":16},"end":{"line":28,"column":34}},"1":{"start":{"line":32,"column":0},"end":{"line":46,"column":2}},"2":{"start":{"line":34,"column":4},"end":{"line":37,"column":6}},"3":{"start":{"line":40,"column":4},"end":{"line":42,"column":7}},"4":{"start":{"line":41,"column":8},"end":{"line":41,"column":17}},"5":{"start":{"line":45,"column":4},"end":{"line":45,"column":74}}},"fnMap":{"0":{"name":"(anonymous_0)","decl":{"start":{"line":32,"column":17},"end":{"line":32,"column":18}},"loc":{"start":{"line":32,"column":28},"end":{"line":46,"column":1}},"line":32},"1":{"name":"(anonymous_1)","decl":{"start":{"line":40,"column":37},"end":{"line":40,"column":38}},"loc":{"start":{"line":40,"column":45},"end":{"line":42,"column":5}},"line":40}},"branchMap":{},"s":{"0":3,"1":3,"2":3,"3":3,"4":0,"5":3},"f":{"0":3,"1":0},"b":{},"_coverageSchema":"1a1c01bbd47fc00a2c39e90264f33305004495a9","hash":"6e5ea7f3ce32a6ce63308f8a13d294388d31308e"}
,"C:\\Users\\vinee\\OneDrive\\Desktop\\nodejsfolder\\vidly\\startup\\routes.js": {"path":"C:\\Users\\vinee\\OneDrive\\Desktop\\nodejsfolder\\vidly\\startup\\routes.js","statementMap":{"0":{"start":{"line":27,"column":16},"end":{"line":27,"column":34}},"1":{"start":{"line":28,"column":15},"end":{"line":28,"column":50}},"2":{"start":{"line":29,"column":18},"end":{"line":29,"column":56}},"3":{"start":{"line":30,"column":15},"end":{"line":30,"column":50}},"4":{"start":{"line":31,"column":16},"end":{"line":31,"column":52}},"5":{"start":{"line":32,"column":14},"end":{"line":32,"column":40}},"6":{"start":{"line":33,"column":13},"end":{"line":33,"column":38}},"7":{"start":{"line":34,"column":14},"end":{"line":34,"column":44}},"8":{"start":{"line":35,"column":16},"end":{"line":35,"column":44}},"9":{"start":{"line":37,"column":0},"end":{"line":48,"column":2}},"10":{"start":{"line":38,"column":4},"end":{"line":38,"column":28}},"11":{"start":{"line":39,"column":4},"end":{"line":39,"column":35}},"12":{"start":{"line":40,"column":4},"end":{"line":40,"column":41}},"13":{"start":{"line":41,"column":4},"end":{"line":41,"column":35}},"14":{"start":{"line":42,"column":4},"end":{"line":42,"column":37}},"15":{"start":{"line":43,"column":4},"end":{"line":43,"column":33}},"16":{"start":{"line":44,"column":4},"end":{"line":44,"column":31}},"17":{"start":{"line":45,"column":4},"end":{"line":45,"column":37}},"18":{"start":{"line":47,"column":4},"end":{"line":47,"column":19}}},"fnMap":{"0":{"name":"(anonymous_0)","decl":{"start":{"line":37,"column":17},"end":{"line":37,"column":18}},"loc":{"start":{"line":37,"column":32},"end":{"line":48,"column":1}},"line":37}},"branchMap":{},"s":{"0":3,"1":3,"2":3,"3":3,"4":3,"5":3,"6":3,"7":3,"8":3,"9":3,"10":3,"11":3,"12":3,"13":3,"14":3,"15":3,"16":3,"17":3,"18":3},"f":{"0":3},"b":{},"_coverageSchema":"1a1c01bbd47fc00a2c39e90264f33305004495a9","hash":"5c4d98cd459ec5ffc175702b5ff08b38a9a38b5e"}
,"C:\\Users\\vinee\\OneDrive\\Desktop\\nodejsfolder\\vidly\\startup\\validation.js": {"path":"C:\\Users\\vinee\\OneDrive\\Desktop\\nodejsfolder\\vidly\\startup\\validation.js","statementMap":{"0":{"start":{"line":1,"column":12},"end":{"line":1,"column":26}},"1":{"start":{"line":3,"column":0},"end":{"line":5,"column":1}},"2":{"start":{"line":4,"column":0},"end":{"line":4,"column":44}}},"fnMap":{"0":{"name":"(anonymous_0)","decl":{"start":{"line":3,"column":15},"end":{"line":3,"column":16}},"loc":{"start":{"line":3,"column":25},"end":{"line":5,"column":1}},"line":3}},"branchMap":{},"s":{"0":3,"1":3,"2":3},"f":{"0":3},"b":{},"_coverageSchema":"1a1c01bbd47fc00a2c39e90264f33305004495a9","hash":"b26adbc1d1f0330e8f9b45d24c7da1933e267fee"}
}
